PHP Warning:  Module "pdo_mysql" is already loaded in Unknown on line 0
PHP Warning:  Module "openssl" is already loaded in Unknown on line 0
PHP Warning:  Module "bz2" is already loaded in Unknown on line 0
PHP Warning:  Module "curl" is already loaded in Unknown on line 0
PHP Warning:  Module "fileinfo" is already loaded in Unknown on line 0
PHP Warning:  Module "gd" is already loaded in Unknown on line 0
PHP Warning:  Module "gettext" is already loaded in Unknown on line 0
PHP Warning:  Module "mbstring" is already loaded in Unknown on line 0
PHP Warning:  Module "exif" is already loaded in Unknown on line 0
PHP Warning:  Module "openssl" is already loaded in Unknown on line 0
PHP Warning:  Module "pdo_mysql" is already loaded in Unknown on line 0
PHP Warning:  Module "mysqli" is already loaded in Unknown on line 0
PHP Warning:  Module "sqlite3" is already loaded in Unknown on line 0
PHP Warning:  Module "pdo_sqlite" is already loaded in Unknown on line 0
PHP Warning:  Module "pdo_mysql" is already loaded in Unknown on line 0
PHP Warning:  Module "zip" is already loaded in Unknown on line 0
PHP Warning:  Module "openssl" is already loaded in Unknown on line 0
PHP Warning:  Module "ftp" is already loaded in Unknown on line 0

Warning: Module "pdo_mysql" is already loaded in Unknown on line 0

Warning: Module "openssl" is already loaded in Unknown on line 0

Warning: Module "bz2" is already loaded in Unknown on line 0

Warning: Module "curl" is already loaded in Unknown on line 0

Warning: Module "fileinfo" is already loaded in Unknown on line 0

Warning: Module "gd" is already loaded in Unknown on line 0

Warning: Module "gettext" is already loaded in Unknown on line 0

Warning: Module "mbstring" is already loaded in Unknown on line 0

Warning: Module "exif" is already loaded in Unknown on line 0

Warning: Module "openssl" is already loaded in Unknown on line 0

Warning: Module "pdo_mysql" is already loaded in Unknown on line 0

Warning: Module "mysqli" is already loaded in Unknown on line 0

Warning: Module "sqlite3" is already loaded in Unknown on line 0

Warning: Module "pdo_sqlite" is already loaded in Unknown on line 0

Warning: Module "pdo_mysql" is already loaded in Unknown on line 0

Warning: Module "zip" is already loaded in Unknown on line 0

Warning: Module "openssl" is already loaded in Unknown on line 0

Warning: Module "ftp" is already loaded in Unknown on line 0
HTTP/1.0 200 OK
Cache-Control: no-cache, private
Content-Type:  application/json
Date:          Fri, 05 Apr 2024 07:48:02 GMT

{"status":200,"message":"Your tweet has been posted","data":{"data":{"data":{"edit_history_tweet_ids":["1776154814860411358"],"id":"1776154814860411358","text":"123"}},"status":200}}HTTP/1.0 200 OK
Cache-Control: no-cache, private
Content-Type:  application/json
Date:          Fri, 05 Apr 2024 07:48:02 GMT

{"status":200,"message":"Your tweet has been posted","data":{"data":{"data":{"edit_history_tweet_ids":["1776154818006110370"],"id":"1776154818006110370","text":"ppppdfasdfasdfasdfdasdfasdfasdfasdfasdf"}},"status":200}}Scheduled task is running now.